<?xml version="1.0" encoding="UTF-8"?>
<testsuite xmlns:xsi="http://www.w3.org/2001/XMLSchema-instance" xsi:noNamespaceSchemaLocation="https://maven.apache.org/surefire/maven-surefire-plugin/xsd/surefire-test-report-3.0.xsd" version="3.0" name="com.unirio.Meu.Projeto.MeuProjetoApplicationTests" time="9.299" tests="1" errors="0" skipped="0" failures="0">
  <properties>
[...]
</properties>
  <testcase name="contextLoads" classname="com.unirio.Meu.Projeto.MeuProjetoApplicationTests" time="0.727">
    <system-out><![CDATA[08:33:24.169 [main] INFO org.springframework.test.context.support.AnnotationConfigContextLoaderUtils -- Could not detect default configuration classes for test class [com.unirio.Meu.Projeto.MeuProjetoApplicationTests]: MeuProjetoApplicationTests does not declare any static, non-private, non-final, nested classes annotated with @Configuration.
08:33:24.259 [main] INFO org.springframework.boot.test.context.SpringBootTestContextBootstrapper -- Found @SpringBootConfiguration com.unirio.Meu.Projeto.MeuProjetoApplication for test class com.unirio.Meu.Projeto.MeuProjetoApplicationTests

  .   ____          _            __ _ _
 /\\ / ___'_ __ _ _(_)_ __  __ _ \ \ \ \
( ( )\___ | '_ | '_| | '_ \/ _` | \ \ \ \
 \\/  ___)| |_)| | | | | || (_| |  ) ) ) )
  '  |____| .__|_| |_|_| |_\__, | / / / /
 =========|_|==============|___/=/_/_/_/
 :: Spring Boot ::                (v3.2.5)

2024-09-05T08:33:24.636-04:00  INFO 20984 --- [RiscoCirurgico] [           main] c.u.M.P.MeuProjetoApplicationTests       : Starting MeuProjetoApplicationTests using Java 17.0.11 with PID 20984 (started by Junior in C:\Risco Cirurgico Back)
2024-09-05T08:33:24.638-04:00  INFO 20984 --- [RiscoCirurgico] [           main] c.u.M.P.MeuProjetoApplicationTests       : No active profile set, falling back to 1 default profile: "default"
2024-09-05T08:33:25.369-04:00  INFO 20984 --- [RiscoCirurgico] [           main] .s.d.r.c.RepositoryConfigurationDelegate : Multiple Spring Data modules found, entering strict repository configuration mode
2024-09-05T08:33:25.369-04:00  INFO 20984 --- [RiscoCirurgico] [           main] .s.d.r.c.RepositoryConfigurationDelegate : Bootstrapping Spring Data JPA repositories in DEFAULT mode.
2024-09-05T08:33:25.444-04:00  INFO 20984 --- [RiscoCirurgico] [           main] .s.d.r.c.RepositoryConfigurationDelegate : Finished Spring Data repository scanning in 68 ms. Found 20 JPA repository interfaces.
2024-09-05T08:33:25.675-04:00  INFO 20984 --- [RiscoCirurgico] [           main] .s.d.r.c.RepositoryConfigurationDelegate : Multiple Spring Data modules found, entering strict repository configuration mode
2024-09-05T08:33:25.675-04:00  INFO 20984 --- [RiscoCirurgico] [           main] .s.d.r.c.RepositoryConfigurationDelegate : Bootstrapping Spring Data JDBC repositories in DEFAULT mode.
2024-09-05T08:33:25.696-04:00  INFO 20984 --- [RiscoCirurgico] [           main] .RepositoryConfigurationExtensionSupport : Spring Data JDBC - Could not safely identify store assignment for repository candidate interface com.unirio.Meu.Projeto.Repositories.ClassificacaoRiscoRepositories; If you want this repository to be a JDBC repository, consider annotating your entities with one of these annotations: org.springframework.data.relational.core.mapping.Table.
2024-09-05T08:33:25.697-04:00  INFO 20984 --- [RiscoCirurgico] [           main] .RepositoryConfigurationExtensionSupport : Spring Data JDBC - Could not safely identify store assignment for repository candidate interface com.unirio.Meu.Projeto.Repositories.DepartmentsRepository; If you want this repository to be a JDBC repository, consider annotating your entities with one of these annotations: org.springframework.data.relational.core.mapping.Table.
2024-09-05T08:33:25.697-04:00  INFO 20984 --- [RiscoCirurgico] [           main] .RepositoryConfigurationExtensionSupport : Spring Data JDBC - Could not safely identify store assignment for repository candidate interface com.unirio.Meu.Projeto.Repositories.ExamesLaboratoriaisRepositories; If you want this repository to be a JDBC repository, consider annotating your entities with one of these annotations: org.springframework.data.relational.core.mapping.Table.
2024-09-05T08:33:25.697-04:00  INFO 20984 --- [RiscoCirurgico] [           main] .RepositoryConfigurationExtensionSupport : Spring Data JDBC - Could not safely identify store assignment for repository candidate interface com.unirio.Meu.Projeto.Repositories.FormClassificacaoRiscoRepositorie; If you want this repository to be a JDBC repository, consider annotating your entities with one of these annotations: org.springframework.data.relational.core.mapping.Table.
2024-09-05T08:33:25.698-04:00  INFO 20984 --- [RiscoCirurgico] [           main] .RepositoryConfigurationExtensionSupport : Spring Data JDBC - Could not safely identify store assignment for repository candidate interface com.unirio.Meu.Projeto.Repositories.FormExamesLaboratoriaisRepositories; If you want this repository to be a JDBC repository, consider annotating your entities with one of these annotations: org.springframework.data.relational.core.mapping.Table.
2024-09-05T08:33:25.698-04:00  INFO 20984 --- [RiscoCirurgico] [           main] .RepositoryConfigurationExtensionSupport : Spring Data JDBC - Could not safely identify store assignment for repository candidate interface com.unirio.Meu.Projeto.Repositories.FormPreditorRiscoRepositorie; If you want this repository to be a JDBC repository, consider annotating your entities with one of these annotations: org.springframework.data.relational.core.mapping.Table.
2024-09-05T08:33:25.698-04:00  INFO 20984 --- [RiscoCirurgico] [           main] .RepositoryConfigurationExtensionSupport : Spring Data JDBC - Could not safely identify store assignment for repository candidate interface com.unirio.Meu.Projeto.Repositories.FormRiscoCirurgicoRepositories; If you want this repository to be a JDBC repository, consider annotating your entities with one of these annotations: org.springframework.data.relational.core.mapping.Table.
2024-09-05T08:33:25.699-04:00  INFO 20984 --- [RiscoCirurgico] [           main] .RepositoryConfigurationExtensionSupport : Spring Data JDBC - Could not safely identify store assignment for repository candidate interface com.unirio.Meu.Projeto.Repositories.LicencaRepositories; If you want this repository to be a JDBC repository, consider annotating your entities with one of these annotations: org.springframework.data.relational.core.mapping.Table.
2024-09-05T08:33:25.699-04:00  INFO 20984 --- [RiscoCirurgico] [           main] .RepositoryConfigurationExtensionSupport : Spring Data JDBC - Could not safely identify store assignment for repository candidate interface com.unirio.Meu.Projeto.Repositories.ModeloRepositories; If you want this repository to be a JDBC repository, consider annotating your entities with one of these annotations: org.springframework.data.relational.core.mapping.Table.
2024-09-05T08:33:25.699-04:00  INFO 20984 --- [RiscoCirurgico] [           main] .RepositoryConfigurationExtensionSupport : Spring Data JDBC - Could not safely identify store assignment for repository candidate interface com.unirio.Meu.Projeto.Repositories.PacienteRepositories; If you want this repository to be a JDBC repository, consider annotating your entities with one of these annotations: org.springframework.data.relational.core.mapping.Table.
2024-09-05T08:33:25.700-04:00  INFO 20984 --- [RiscoCirurgico] [           main] .RepositoryConfigurationExtensionSupport : Spring Data JDBC - Could not safely identify store assignment for repository candidate interface com.unirio.Meu.Projeto.Repositories.PerfilRepositories; If you want this repository to be a JDBC repository, consider annotating your entities with one of these annotations: org.springframework.data.relational.core.mapping.Table.
2024-09-05T08:33:25.700-04:00  INFO 20984 --- [RiscoCirurgico] [           main] .RepositoryConfigurationExtensionSupport : Spring Data JDBC - Could not safely identify store assignment for repository candidate interface com.unirio.Meu.Projeto.Repositories.PerfilUsuarioRepositories; If you want this repository to be a JDBC repository, consider annotating your entities with one of these annotations: org.springframework.data.relational.core.mapping.Table.
2024-09-05T08:33:25.700-04:00  INFO 20984 --- [RiscoCirurgico] [           main] .RepositoryConfigurationExtensionSupport : Spring Data JDBC - Could not safely identify store assignment for repository candidate interface com.unirio.Meu.Projeto.Repositories.PermissaoPerfilRecursoRepositories; If you want this repository to be a JDBC repository, consider annotating your entities with one of these annotations: org.springframework.data.relational.core.mapping.Table.
2024-09-05T08:33:25.701-04:00  INFO 20984 --- [RiscoCirurgico] [           main] .RepositoryConfigurationExtensionSupport : Spring Data JDBC - Could not safely identify store assignment for repository candidate interface com.unirio.Meu.Projeto.Repositories.PreditorItemRepositories; If you want this repository to be a JDBC repository, consider annotating your entities with one of these annotations: org.springframework.data.relational.core.mapping.Table.
2024-09-05T08:33:25.701-04:00  INFO 20984 --- [RiscoCirurgico] [           main] .RepositoryConfigurationExtensionSupport : Spring Data JDBC - Could not safely identify store assignment for repository candidate interface com.unirio.Meu.Projeto.Repositories.PreditorRiscoRepositories; If you want this repository to be a JDBC repository, consider annotating your entities with one of these annotations: org.springframework.data.relational.core.mapping.Table.
2024-09-05T08:33:25.703-04:00  INFO 20984 --- [RiscoCirurgico] [           main] .RepositoryConfigurationExtensionSupport : Spring Data JDBC - Could not safely identify store assignment for repository candidate interface com.unirio.Meu.Projeto.Repositories.ProcedimentoRepositories; If you want this repository to be a JDBC repository, consider annotating your entities with one of these annotations: org.springframework.data.relational.core.mapping.Table.
2024-09-05T08:33:25.705-04:00  INFO 20984 --- [RiscoCirurgico] [           main] .RepositoryConfigurationExtensionSupport : Spring Data JDBC - Could not safely identify store assignment for repository candidate interface com.unirio.Meu.Projeto.Repositories.ProcedimentoRiscoRepositories; If you want this repository to be a JDBC repository, consider annotating your entities with one of these annotations: org.springframework.data.relational.core.mapping.Table.
2024-09-05T08:33:25.706-04:00  INFO 20984 --- [RiscoCirurgico] [           main] .RepositoryConfigurationExtensionSupport : Spring Data JDBC - Could not safely identify store assignment for repository candidate interface com.unirio.Meu.Projeto.Repositories.RecursoRepositories; If you want this repository to be a JDBC repository, consider annotating your entities with one of these annotations: org.springframework.data.relational.core.mapping.Table.
2024-09-05T08:33:25.707-04:00  INFO 20984 --- [RiscoCirurgico] [           main] .RepositoryConfigurationExtensionSupport : Spring Data JDBC - Could not safely identify store assignment for repository candidate interface com.unirio.Meu.Projeto.Repositories.UserRepository; If you want this repository to be a JDBC repository, consider annotating your entities with one of these annotations: org.springframework.data.relational.core.mapping.Table.
2024-09-05T08:33:25.707-04:00  INFO 20984 --- [RiscoCirurgico] [           main] .RepositoryConfigurationExtensionSupport : Spring Data JDBC - Could not safely identify store assignment for repository candidate interface com.unirio.Meu.Projeto.Repositories.UsuarioVerificadorRepository; If you want this repository to be a JDBC repository, consider annotating your entities with one of these annotations: org.springframework.data.relational.core.mapping.Table.
2024-09-05T08:33:25.708-04:00  INFO 20984 --- [RiscoCirurgico] [           main] .s.d.r.c.RepositoryConfigurationDelegate : Finished Spring Data repository scanning in 31 ms. Found 0 JDBC repository interfaces.
2024-09-05T08:33:26.442-04:00  INFO 20984 --- [RiscoCirurgico] [           main] o.hibernate.jpa.internal.util.LogHelper  : HHH000204: Processing PersistenceUnitInfo [name: default]
2024-09-05T08:33:26.527-04:00  INFO 20984 --- [RiscoCirurgico] [           main] org.hibernate.Version                    : HHH000412: Hibernate ORM core version 6.4.4.Final
2024-09-05T08:33:26.583-04:00  INFO 20984 --- [RiscoCirurgico] [           main] o.h.c.internal.RegionFactoryInitiator    : HHH000026: Second-level cache disabled
2024-09-05T08:33:27.029-04:00  INFO 20984 --- [RiscoCirurgico] [           main] o.s.o.j.p.SpringPersistenceUnitInfo      : No LoadTimeWeaver setup: ignoring JPA class transformer
2024-09-05T08:33:27.070-04:00  INFO 20984 --- [RiscoCirurgico] [           main] com.zaxxer.hikari.HikariDataSource       : HikariPool-1 - Starting...
2024-09-05T08:33:27.462-04:00  INFO 20984 --- [RiscoCirurgico] [           main] com.zaxxer.hikari.pool.HikariPool        : HikariPool-1 - Added connection com.mysql.cj.jdbc.ConnectionImpl@1530d0f2
2024-09-05T08:33:27.464-04:00  INFO 20984 --- [RiscoCirurgico] [           main] com.zaxxer.hikari.HikariDataSource       : HikariPool-1 - Start completed.
2024-09-05T08:33:27.533-04:00  WARN 20984 --- [RiscoCirurgico] [           main] org.hibernate.dialect.Dialect            : HHH000511: The 5.7.0 version for [org.hibernate.dialect.MySQLDialect] is no longer supported, hence certain features may not work properly. The minimum supported version is 8.0.0. Check the community dialects project for available legacy versions.
2024-09-05T08:33:27.539-04:00  WARN 20984 --- [RiscoCirurgico] [           main] org.hibernate.orm.deprecation            : HHH90000025: MySQLDialect does not need to be specified explicitly using 'hibernate.dialect' (remove the property setting and it will be selected by default)
2024-09-05T08:33:28.598-04:00  INFO 20984 --- [RiscoCirurgico] [           main] o.h.m.i.EntityInstantiatorPojoStandard   : HHH000182: No default (no-argument) constructor for class: com.unirio.Meu.Projeto.Entities.PermissaoPerfilRecursoEntities (class must be instantiated by Interceptor)
2024-09-05T08:33:28.638-04:00  INFO 20984 --- [RiscoCirurgico] [           main] o.h.m.i.EntityInstantiatorPojoStandard   : HHH000182: No default (no-argument) constructor for class: com.unirio.Meu.Projeto.Entities.PerfilEntities (class must be instantiated by Interceptor)
2024-09-05T08:33:28.663-04:00  INFO 20984 --- [RiscoCirurgico] [           main] o.h.m.i.EntityInstantiatorPojoStandard   : HHH000182: No default (no-argument) constructor for class: com.unirio.Meu.Projeto.Entities.PerfilUsuarioEntities (class must be instantiated by Interceptor)
2024-09-05T08:33:28.876-04:00  INFO 20984 --- [RiscoCirurgico] [           main] o.h.e.t.j.p.i.JtaPlatformInitiator       : HHH000489: No JTA platform available (set 'hibernate.transaction.jta.platform' to enable JTA platform integration)
Hibernate: 
    alter table form_risco_cirurgico 
       drop 
       foreign key FK4eu0wi35vamovjl7hnagvf89x
Hibernate: 
    alter table form_risco_cirurgico 
       drop 
       foreign key FKi85gq9x0x56ojy0gw1lng4qxc
Hibernate: 
    alter table form_risco_cirurgico 
       drop 
       foreign key FKkrh2whl0l876x1y4870io31ix
Hibernate: 
    alter table form_risco_cirurgico 
       drop 
       foreign key FKlf3ljom8ak6jbobkvutk0kdmk
Hibernate: 
    alter table form_risco_cirurgico 
       drop 
       foreign key FKh42u145l1dk7thp5s66dpdilw
Hibernate: 
    alter table form_risco_cirurgico_classificacao 
       drop 
       foreign key FKl9wbokp8dhmuyvu9v8ydylbia
Hibernate: 
    alter table form_risco_cirurgico_exames_laboratoriais 
       drop 
       foreign key FKcegqlch9m2jy2uxkdiqbsp0hr
Hibernate: 
    alter table form_risco_cirurgico_exames_laboratoriais 
       drop 
       foreign key FKges5yrgnym7oqbw0lceybdokr
Hibernate: 
    alter table form_risco_cirurgico_preditores 
       drop 
       foreign key FKgj4ok8xu0xn4yptc5j815xhvw
Hibernate: 
    alter table form_risco_cirurgico_preditores 
       drop 
       foreign key FKp5tte7biwy0qwyy12cu7xutqk
Hibernate: 
    alter table modelo 
       drop 
       foreign key FKoqc7gy3kkngvbcrbm8t6529fp
Hibernate: 
    alter table paciente 
       drop 
       foreign key FK5jbxqarydp0s52rnrq9p12t0v
Hibernate: 
    alter table perfil_usuario 
       drop 
       foreign key FKehpyjfa7ypmqsalbhmba2hdg1
Hibernate: 
    alter table perfil_usuario 
       drop 
       foreign key FKp00rgyejcbm4s19gwux7uymem
Hibernate: 
    alter table permissao_perfil_recurso 
       drop 
       foreign key FK8bvs6f6jehlmvsx96a6dssf5m
Hibernate: 
    alter table permissao_perfil_recurso 
       drop 
       foreign key FKkfm0k3rpevn99otsh8y6aq0dj
Hibernate: 
    alter table preditores_item 
       drop 
       foreign key FKcefbeevxiqo4nqbdwko6ku0bo
Hibernate: 
    alter table usuario 
       drop 
       foreign key FKcsa6lcun27lge2fw9gt1mmxus
Hibernate: 
    alter table usuario 
       drop 
       foreign key FK1qdjtw6eaen6f6erc1gm0grat
Hibernate: 
    alter table usuario_verificador 
       drop 
       foreign key FK28vf2lusb01547pd4thh5rell
Hibernate: 
    drop table if exists classificacao
Hibernate: 
    drop table if exists department
Hibernate: 
    drop table if exists exames_laboratoriais_entities
Hibernate: 
    drop table if exists form_risco_cirurgico
Hibernate: 
    drop table if exists form_risco_cirurgico_classificacao
Hibernate: 
    drop table if exists form_risco_cirurgico_exames_laboratoriais
Hibernate: 
    drop table if exists form_risco_cirurgico_preditores
Hibernate: 
    drop table if exists licenca
Hibernate: 
    drop table if exists modelo
Hibernate: 
    drop table if exists paciente
Hibernate: 
    drop table if exists perfil
Hibernate: 
    drop table if exists perfil_usuario
Hibernate: 
    drop table if exists permissao_perfil_recurso
Hibernate: 
    drop table if exists preditores
Hibernate: 
    drop table if exists preditores_item
Hibernate: 
    drop table if exists procedimento
Hibernate: 
    drop table if exists recurso
Hibernate: 
    drop table if exists risco
Hibernate: 
    drop table if exists usuario
Hibernate: 
    drop table if exists usuario_verificador
Hibernate: 
    create table classificacao (
        ponto integer,
        id bigint not null auto_increment,
        descricao varchar(255),
        primary key (id)
    ) engine=InnoDB
Hibernate: 
    create table department (
        id bigint not null auto_increment,
        department_name varchar(255) not null,
        primary key (id)
    ) engine=InnoDB
Hibernate: 
    create table exames_laboratoriais_entities (
        id bigint not null auto_increment,
        ca varchar(255),
        cr varchar(255),
        gj varchar(255),
        h2 varchar(255),
        k varchar(255),
        leuc varchar(255),
        na varchar(255),
        plaquetas varchar(255),
        rni varchar(255),
        tap varchar(255),
        tgo varchar(255),
        tgp varchar(255),
        ttpa varchar(255),
        ur varchar(255),
        primary key (id)
    ) engine=InnoDB
Hibernate: 
    create table form_risco_cirurgico (
        id bigint not null auto_increment,
        id_licenca bigint not null,
        id_paciente bigint,
        id_procedimento bigint,
        id_risco bigint,
        id_usuario bigint,
        annamnese text,
        cirurgia_data varchar(255),
        exame_fisico text not null,
        exame_raiox text not null,
        exameecg text not null,
        outros_exames text,
        parecer text,
        primary key (id)
    ) engine=InnoDB
Hibernate: 
    create table form_risco_cirurgico_classificacao (
        ponto integer not null,
        id bigint not null auto_increment,
        id_form bigint not null,
        descricao varchar(255) not null,
        primary key (id)
    ) engine=InnoDB
Hibernate: 
    create table form_risco_cirurgico_exames_laboratoriais (
        id bigint not null auto_increment,
        id_exames bigint,
        id_form bigint not null,
        primary key (id)
    ) engine=InnoDB
Hibernate: 
    create table form_risco_cirurgico_preditores (
        id bigint not null auto_increment,
        id_form bigint not null,
        id_preditores bigint not null,
        primary key (id)
    ) engine=InnoDB
Hibernate: 
    create table licenca (
        ativo TINYINT(4),
        cep varchar(8),
        id bigint not null auto_increment,
        cnpj varchar(14),
        cidade varchar(45),
        uf varchar(45),
        observacao varchar(600),
        bairro varchar(255),
        data_ativacao varchar(255),
        data_inativa varchar(255),
        endereco varchar(255),
        nome varchar(255),
        primary key (id)
    ) engine=InnoDB
Hibernate: 
    create table modelo (
        id bigint not null auto_increment,
        id_licenca bigint not null,
        descricao text not null,
        nome varchar(255) not null,
        primary key (id)
    ) engine=InnoDB
Hibernate: 
    create table paciente (
        id bigint not null auto_increment,
        id_licenca bigint,
        cpf varchar(14) not null,
        altura varchar(45),
        peso varchar(45),
        sexo varchar(45),
        telefone varchar(45),
        nome varchar(70) not null,
        data_nascimento varchar(255),
        profissao varchar(255),
        primary key (id)
    ) engine=InnoDB
Hibernate: 
    create table perfil (
        id bigint not null auto_increment,
        perfil_name varchar(255) not null,
        primary key (id)
    ) engine=InnoDB
Hibernate: 
    create table perfil_usuario (
        id bigint not null auto_increment,
        perfil_id bigint,
        usuario_id bigint,
        primary key (id)
    ) engine=InnoDB
Hibernate: 
    create table permissao_perfil_recurso (
        id bigint not null auto_increment,
        id_perfil bigint,
        id_recurso bigint,
        primary key (id)
    ) engine=InnoDB
Hibernate: 
    create table preditores (
        id bigint not null auto_increment,
        descricao varchar(45),
        primary key (id)
    ) engine=InnoDB
Hibernate: 
    create table preditores_item (
        id bigint not null auto_increment,
        id_preditor bigint not null,
        descricao varchar(45),
        primary key (id)
    ) engine=InnoDB
Hibernate: 
    create table procedimento (
        cirurgia TINYINT(4),
        porte varchar(2),
        porte_anestesico integer,
        id bigint not null auto_increment,
        codigo_tuss varchar(10),
        grupo varchar(45),
        subgrupo varchar(45),
        descricao varchar(255),
        primary key (id)
    ) engine=InnoDB
Hibernate: 
    create table recurso (
        id bigint not null auto_increment,
        chave varchar(255) not null,
        nome varchar(255) not null,
        primary key (id)
    ) engine=InnoDB
Hibernate: 
    create table risco (
        id bigint not null auto_increment,
        nome varchar(45),
        descricao varchar(255),
        primary key (id)
    ) engine=InnoDB
Hibernate: 
    create table usuario (
        department_id bigint,
        id bigint not null auto_increment,
        id_licenca bigint not null,
        crm varchar(255),
        especialidade varchar(255),
        user_email varchar(255) not null,
        user_login varchar(255) not null,
        user_name varchar(255) not null,
        user_senha varchar(255) not null,
        user_situacao enum ('ATIVO','INATIVO','PENDENTE') not null,
        primary key (id)
    ) engine=InnoDB
Hibernate: 
    create table usuario_verificador (
        data_expiracao datetime(6) not null,
        id bigint not null auto_increment,
        id_usuario bigint,
        uuid binary(16) not null,
        primary key (id)
    ) engine=InnoDB
Hibernate: 
    alter table paciente 
       add constraint UK_fvlo8m5kqpr7knbyw4rjyer2s unique (cpf)
Hibernate: 
    alter table usuario 
       add constraint UK_458hk3wld32cq0q9ctbw0y7hb unique (user_email)
Hibernate: 
    alter table usuario_verificador 
       add constraint UK_a910xlxt2j49hus7lxqjygkix unique (id_usuario)
Hibernate: 
    alter table form_risco_cirurgico 
       add constraint FK4eu0wi35vamovjl7hnagvf89x 
       foreign key (id_licenca) 
       references licenca (id)
Hibernate: 
    alter table form_risco_cirurgico 
       add constraint FKi85gq9x0x56ojy0gw1lng4qxc 
       foreign key (id_paciente) 
       references paciente (id)
Hibernate: 
    alter table form_risco_cirurgico 
       add constraint FKkrh2whl0l876x1y4870io31ix 
       foreign key (id_procedimento) 
       references procedimento (id)
Hibernate: 
    alter table form_risco_cirurgico 
       add constraint FKlf3ljom8ak6jbobkvutk0kdmk 
       foreign key (id_risco) 
       references risco (id)
Hibernate: 
    alter table form_risco_cirurgico 
       add constraint FKh42u145l1dk7thp5s66dpdilw 
       foreign key (id_usuario) 
       references usuario (id)
Hibernate: 
    alter table form_risco_cirurgico_classificacao 
       add constraint FKl9wbokp8dhmuyvu9v8ydylbia 
       foreign key (id_form) 
       references form_risco_cirurgico (id)
Hibernate: 
    alter table form_risco_cirurgico_exames_laboratoriais 
       add constraint FKcegqlch9m2jy2uxkdiqbsp0hr 
       foreign key (id_exames) 
       references exames_laboratoriais_entities (id)
Hibernate: 
    alter table form_risco_cirurgico_exames_laboratoriais 
       add constraint FKges5yrgnym7oqbw0lceybdokr 
       foreign key (id_form) 
       references form_risco_cirurgico (id)
Hibernate: 
    alter table form_risco_cirurgico_preditores 
       add constraint FKgj4ok8xu0xn4yptc5j815xhvw 
       foreign key (id_form) 
       references form_risco_cirurgico (id)
Hibernate: 
    alter table form_risco_cirurgico_preditores 
       add constraint FKp5tte7biwy0qwyy12cu7xutqk 
       foreign key (id_preditores) 
       references preditores (id)
Hibernate: 
    alter table modelo 
       add constraint FKoqc7gy3kkngvbcrbm8t6529fp 
       foreign key (id_licenca) 
       references licenca (id)
Hibernate: 
    alter table paciente 
       add constraint FK5jbxqarydp0s52rnrq9p12t0v 
       foreign key (id_licenca) 
       references licenca (id)
Hibernate: 
    alter table perfil_usuario 
       add constraint FKehpyjfa7ypmqsalbhmba2hdg1 
       foreign key (perfil_id) 
       references perfil (id)
Hibernate: 
    alter table perfil_usuario 
       add constraint FKp00rgyejcbm4s19gwux7uymem 
       foreign key (usuario_id) 
       references usuario (id)
Hibernate: 
    alter table permissao_perfil_recurso 
       add constraint FK8bvs6f6jehlmvsx96a6dssf5m 
       foreign key (id_perfil) 
       references perfil (id)
Hibernate: 
    alter table permissao_perfil_recurso 
       add constraint FKkfm0k3rpevn99otsh8y6aq0dj 
       foreign key (id_recurso) 
       references recurso (id)
Hibernate: 
    alter table preditores_item 
       add constraint FKcefbeevxiqo4nqbdwko6ku0bo 
       foreign key (id_preditor) 
       references preditores (id)
Hibernate: 
    alter table usuario 
       add constraint FKcsa6lcun27lge2fw9gt1mmxus 
       foreign key (department_id) 
       references department (id)
Hibernate: 
    alter table usuario 
       add constraint FK1qdjtw6eaen6f6erc1gm0grat 
       foreign key (id_licenca) 
       references licenca (id)
Hibernate: 
    alter table usuario_verificador 
       add constraint FK28vf2lusb01547pd4thh5rell 
       foreign key (id_usuario) 
       references usuario (id)
2024-09-05T08:33:30.335-04:00  INFO 20984 --- [RiscoCirurgico] [           main] j.LocalContainerEntityManagerFactoryBean : Initialized JPA EntityManagerFactory for persistence unit 'default'
2024-09-05T08:33:31.466-04:00  WARN 20984 --- [RiscoCirurgico] [           main] JpaBaseConfiguration$JpaWebConfiguration : spring.jpa.open-in-view is enabled by default. Therefore, database queries may be performed during view rendering. Explicitly configure spring.jpa.open-in-view to disable this warning
2024-09-05T08:33:31.946-04:00  INFO 20984 --- [RiscoCirurgico] [           main] o.s.s.web.DefaultSecurityFilterChain     : Will secure any request with [org.springframework.security.web.session.DisableEncodeUrlFilter@7c424dfe, org.springframework.security.web.context.request.async.WebAsyncManagerIntegrationFilter@3577e37c, org.springframework.security.web.context.SecurityContextHolderFilter@48463900, org.springframework.security.web.header.HeaderWriterFilter@365fde74, org.springframework.web.filter.CorsFilter@16ac67e3, org.springframework.security.web.authentication.logout.LogoutFilter@6c79a7c1, com.unirio.Meu.Projeto.Security.jwt.AuthFilterToken@1851f19f, org.springframework.security.web.savedrequest.RequestCacheAwareFilter@7c070e78, org.springframework.security.web.servletapi.SecurityContextHolderAwareRequestFilter@63ead376, org.springframework.security.web.authentication.AnonymousAuthenticationFilter@eb5471c, org.springframework.security.web.session.SessionManagementFilter@7c7d83ff, org.springframework.security.web.access.ExceptionTranslationFilter@3582077c, org.springframework.security.web.access.intercept.AuthorizationFilter@7ed6e557]
2024-09-05T08:33:32.537-04:00  INFO 20984 --- [RiscoCirurgico] [           main] c.u.M.P.MeuProjetoApplicationTests       : Started MeuProjetoApplicationTests in 8.126 seconds (process running for 9.207)
]]></system-out>
  </testcase>
</testsuite>